INFO:werkzeug: * Running on http://127.0.0.1:5000/ (Press CTRL+C to quit)
INFO:root:test for username
ERROR:app:Exception on /login.html [POST]
Traceback (most recent call last):
  File "/home/nicholas/.local/lib/python3.8/site-packages/flask/app.py", line 2447, in wsgi_app
    response = self.full_dispatch_request()
  File "/home/nicholas/.local/lib/python3.8/site-packages/flask/app.py", line 1952, in full_dispatch_request
    rv = self.handle_user_exception(e)
  File "/home/nicholas/.local/lib/python3.8/site-packages/flask/app.py", line 1821, in handle_user_exception
    reraise(exc_type, exc_value, tb)
  File "/home/nicholas/.local/lib/python3.8/site-packages/flask/_compat.py", line 39, in reraise
    raise value
  File "/home/nicholas/.local/lib/python3.8/site-packages/flask/app.py", line 1950, in full_dispatch_request
    rv = self.dispatch_request()
  File "/home/nicholas/.local/lib/python3.8/site-packages/flask/app.py", line 1936, in dispatch_request
    return self.view_functions[rule.endpoint](**req.view_args)
  File "/home/nicholas/Documents/HackTheNorthEast/app/views.py", line 107, in login
    getUsersStats(user)
  File "/home/nicholas/Documents/HackTheNorthEast/app/views.py", line 146, in getUsersStats
    datahandler.getUser(username)
  File "/home/nicholas/Documents/HackTheNorthEast/app/UserDatautil.py", line 17, in getUser
    users = User.query.filter_by(user = username).first()
  File "/home/nicholas/.local/lib/python3.8/site-packages/sqlalchemy/orm/query.py", line 1893, in filter_by
    clauses = [
  File "/home/nicholas/.local/lib/python3.8/site-packages/sqlalchemy/orm/query.py", line 1894, in <listcomp>
    _entity_descriptor(self._joinpoint_zero(), key) == value
  File "/home/nicholas/.local/lib/python3.8/site-packages/sqlalchemy/sql/operators.py", line 365, in __eq__
    return self.operate(eq, other)
  File "/home/nicholas/.local/lib/python3.8/site-packages/sqlalchemy/orm/attributes.py", line 219, in operate
    return op(self.comparator, *other, **kwargs)
  File "/home/nicholas/.local/lib/python3.8/site-packages/sqlalchemy/sql/operators.py", line 365, in __eq__
    return self.operate(eq, other)
  File "/home/nicholas/.local/lib/python3.8/site-packages/sqlalchemy/orm/properties.py", line 367, in operate
    return op(self.__clause_element__(), *other, **kwargs)
  File "/home/nicholas/.local/lib/python3.8/site-packages/sqlalchemy/sql/annotation.py", line 104, in __eq__
    return self.__element.__class__.__eq__(self, other)
  File "/home/nicholas/.local/lib/python3.8/site-packages/sqlalchemy/sql/operators.py", line 365, in __eq__
    return self.operate(eq, other)
  File "/home/nicholas/.local/lib/python3.8/site-packages/sqlalchemy/sql/elements.py", line 759, in operate
    return op(self.comparator, *other, **kwargs)
  File "/home/nicholas/.local/lib/python3.8/site-packages/sqlalchemy/sql/operators.py", line 365, in __eq__
    return self.operate(eq, other)
  File "<string>", line 1, in <lambda>
  File "/home/nicholas/.local/lib/python3.8/site-packages/sqlalchemy/sql/type_api.py", line 67, in operate
    return o[0](self.expr, op, *(other + o[1:]), **kwargs)
  File "/home/nicholas/.local/lib/python3.8/site-packages/sqlalchemy/sql/default_comparator.py", line 105, in _boolean_compare
    obj = _check_literal(expr, op, obj)
  File "/home/nicholas/.local/lib/python3.8/site-packages/sqlalchemy/sql/default_comparator.py", line 373, in _check_literal
    return expr._bind_param(operator, other, type_=bindparam_type)
  File "/home/nicholas/.local/lib/python3.8/site-packages/sqlalchemy/sql/elements.py", line 4219, in _bind_param
    return BindParameter(
  File "/home/nicholas/.local/lib/python3.8/site-packages/sqlalchemy/sql/elements.py", line 1230, in __init__
    self.type = _compared_to_type.coerce_compared_value(
  File "/home/nicholas/.local/lib/python3.8/site-packages/sqlalchemy/sql/type_api.py", line 578, in coerce_compared_value
    _coerced_type = _resolve_value_to_type(value)
  File "/home/nicholas/.local/lib/python3.8/site-packages/sqlalchemy/sql/sqltypes.py", line 3024, in _resolve_value_to_type
    raise exc.ArgumentError(
sqlalchemy.exc.ArgumentError: Object 3 - eee is not legal as a SQL literal value
INFO:werkzeug:127.0.0.1 - - [05/Jun/2020 21:26:11] "POST /login.html HTTP/1.1" 500 -
INFO:werkzeug:127.0.0.1 - - [05/Jun/2020 21:26:11] "GET /favicon.ico HTTP/1.1" 404 -
INFO:werkzeug: * Running on http://127.0.0.1:5000/ (Press CTRL+C to quit)
INFO:werkzeug:127.0.0.1 - - [05/Jun/2020 21:29:18] "GET / HTTP/1.1" 200 -
INFO:werkzeug:127.0.0.1 - - [05/Jun/2020 21:29:18] "GET /static/assets/vendor/@fortawesome/fontawesome-free/css/all.min.css HTTP/1.1" 200 -
INFO:werkzeug:127.0.0.1 - - [05/Jun/2020 21:29:23] "GET / HTTP/1.1" 200 -
INFO:werkzeug:127.0.0.1 - - [05/Jun/2020 21:29:28] "GET /logout.html HTTP/1.1" 302 -
INFO:werkzeug:127.0.0.1 - - [05/Jun/2020 21:29:28] "GET / HTTP/1.1" 302 -
INFO:werkzeug:127.0.0.1 - - [05/Jun/2020 21:29:28] "GET /login.html HTTP/1.1" 200 -
INFO:root:test for username
ERROR:app:Exception on /login.html [POST]
Traceback (most recent call last):
  File "/home/nicholas/.local/lib/python3.8/site-packages/flask/app.py", line 2447, in wsgi_app
    response = self.full_dispatch_request()
  File "/home/nicholas/.local/lib/python3.8/site-packages/flask/app.py", line 1952, in full_dispatch_request
    rv = self.handle_user_exception(e)
  File "/home/nicholas/.local/lib/python3.8/site-packages/flask/app.py", line 1821, in handle_user_exception
    reraise(exc_type, exc_value, tb)
  File "/home/nicholas/.local/lib/python3.8/site-packages/flask/_compat.py", line 39, in reraise
    raise value
  File "/home/nicholas/.local/lib/python3.8/site-packages/flask/app.py", line 1950, in full_dispatch_request
    rv = self.dispatch_request()
  File "/home/nicholas/.local/lib/python3.8/site-packages/flask/app.py", line 1936, in dispatch_request
    return self.view_functions[rule.endpoint](**req.view_args)
  File "/home/nicholas/Documents/HackTheNorthEast/app/views.py", line 107, in login
    getUsersStats(user)
  File "/home/nicholas/Documents/HackTheNorthEast/app/views.py", line 146, in getUsersStats
    datahandler.getUser(username)
  File "/home/nicholas/Documents/HackTheNorthEast/app/UserDatautil.py", line 17, in getUser
    users = User.query.filter_by(user = username).first()
  File "/home/nicholas/.local/lib/python3.8/site-packages/sqlalchemy/orm/query.py", line 1893, in filter_by
    clauses = [
  File "/home/nicholas/.local/lib/python3.8/site-packages/sqlalchemy/orm/query.py", line 1894, in <listcomp>
    _entity_descriptor(self._joinpoint_zero(), key) == value
  File "/home/nicholas/.local/lib/python3.8/site-packages/sqlalchemy/sql/operators.py", line 365, in __eq__
    return self.operate(eq, other)
  File "/home/nicholas/.local/lib/python3.8/site-packages/sqlalchemy/orm/attributes.py", line 219, in operate
    return op(self.comparator, *other, **kwargs)
  File "/home/nicholas/.local/lib/python3.8/site-packages/sqlalchemy/sql/operators.py", line 365, in __eq__
    return self.operate(eq, other)
  File "/home/nicholas/.local/lib/python3.8/site-packages/sqlalchemy/orm/properties.py", line 367, in operate
    return op(self.__clause_element__(), *other, **kwargs)
  File "/home/nicholas/.local/lib/python3.8/site-packages/sqlalchemy/sql/annotation.py", line 104, in __eq__
    return self.__element.__class__.__eq__(self, other)
  File "/home/nicholas/.local/lib/python3.8/site-packages/sqlalchemy/sql/operators.py", line 365, in __eq__
    return self.operate(eq, other)
  File "/home/nicholas/.local/lib/python3.8/site-packages/sqlalchemy/sql/elements.py", line 759, in operate
    return op(self.comparator, *other, **kwargs)
  File "/home/nicholas/.local/lib/python3.8/site-packages/sqlalchemy/sql/operators.py", line 365, in __eq__
    return self.operate(eq, other)
  File "<string>", line 1, in <lambda>
  File "/home/nicholas/.local/lib/python3.8/site-packages/sqlalchemy/sql/type_api.py", line 67, in operate
    return o[0](self.expr, op, *(other + o[1:]), **kwargs)
  File "/home/nicholas/.local/lib/python3.8/site-packages/sqlalchemy/sql/default_comparator.py", line 105, in _boolean_compare
    obj = _check_literal(expr, op, obj)
  File "/home/nicholas/.local/lib/python3.8/site-packages/sqlalchemy/sql/default_comparator.py", line 373, in _check_literal
    return expr._bind_param(operator, other, type_=bindparam_type)
  File "/home/nicholas/.local/lib/python3.8/site-packages/sqlalchemy/sql/elements.py", line 4219, in _bind_param
    return BindParameter(
  File "/home/nicholas/.local/lib/python3.8/site-packages/sqlalchemy/sql/elements.py", line 1230, in __init__
    self.type = _compared_to_type.coerce_compared_value(
  File "/home/nicholas/.local/lib/python3.8/site-packages/sqlalchemy/sql/type_api.py", line 578, in coerce_compared_value
    _coerced_type = _resolve_value_to_type(value)
  File "/home/nicholas/.local/lib/python3.8/site-packages/sqlalchemy/sql/sqltypes.py", line 3024, in _resolve_value_to_type
    raise exc.ArgumentError(
sqlalchemy.exc.ArgumentError: Object 3 - eee is not legal as a SQL literal value
INFO:werkzeug:127.0.0.1 - - [05/Jun/2020 21:29:33] "POST /login.html HTTP/1.1" 500 -
